This is pdfTeX, Version 3.14159265-2.6-1.40.20 (TeX Live 2019/Debian) (preloaded format=pdflatex 2020.1.28)  28 JAN 2020 00:45
entering extended mode
 restricted \write18 enabled.
 %&-line parsing enabled.
**/root/Downloads/publish/HiqServer/hq/manage.py
(/root/Downloads/publish/HiqServer/hq/manage.py
LaTeX2e <2019-10-01> patch level 3
! You can't use `macro parameter character #' in vertical mode.
l.1 #
     !/usr/bin/env python
? 
! Emergency stop.
l.1 #
     !/usr/bin/env python
End of file on the terminal!

 
Here is how much of TeX's memory you used:
 7 strings out of 492164
 240 string characters out of 6127732
 59102 words of memory out of 5000000
 4471 multiletter control sequences out of 15000+600000
 3640 words of font info for 14 fonts, out of 8000000 for 9000
 1141 hyphenation exceptions out of 8191
 5i,0n,1p,70b,8s stack positions out of 5000i,500n,10000p,200000b,80000s
!  ==> Fatal error occurred, no output PDF file produced!
